2017-09-23T14:46:03+00:00 ERR (3): Notice: Use of undefined constant CURLOPT_TIMEOUT - assumed 'CURLOPT_TIMEOUT'  in /var/www/html/porto/app/code/local/Smartwave/All/Model/Feed.php on line 155
2017-09-23T14:46:03+00:00 ERR (3): Notice: Use of undefined constant CURLOPT_MAXREDIRS - assumed 'CURLOPT_MAXREDIRS'  in /var/www/html/porto/app/code/local/Smartwave/All/Model/Feed.php on line 155
2017-09-23T14:46:03+00:00 ERR (3): Notice: Use of undefined constant CURLOPT_PROXY - assumed 'CURLOPT_PROXY'  in /var/www/html/porto/app/code/local/Smartwave/All/Model/Feed.php on line 155
2017-09-23T14:46:03+00:00 ERR (3): Notice: Use of undefined constant CURLOPT_SSLCERT - assumed 'CURLOPT_SSLCERT'  in /var/www/html/porto/app/code/local/Smartwave/All/Model/Feed.php on line 155
2017-09-23T14:46:03+00:00 ERR (3): Notice: Use of undefined constant CURLOPT_USERPWD - assumed 'CURLOPT_USERPWD'  in /var/www/html/porto/app/code/local/Smartwave/All/Model/Feed.php on line 155
2017-09-23T14:46:03+00:00 ERR (3): Notice: Use of undefined constant CURLOPT_SSLVERSION - assumed 'CURLOPT_SSLVERSION'  in /var/www/html/porto/app/code/local/Smartwave/All/Model/Feed.php on line 155
2017-09-23T14:46:44+00:00 ERR (3): Notice: Use of undefined constant CURLOPT_TIMEOUT - assumed 'CURLOPT_TIMEOUT'  in /var/www/html/porto/app/code/core/Mage/AdminNotification/Model/Feed.php on line 159
2017-09-23T14:46:44+00:00 ERR (3): Notice: Use of undefined constant CURLOPT_MAXREDIRS - assumed 'CURLOPT_MAXREDIRS'  in /var/www/html/porto/app/code/core/Mage/AdminNotification/Model/Feed.php on line 159
2017-09-23T14:46:44+00:00 ERR (3): Notice: Use of undefined constant CURLOPT_PROXY - assumed 'CURLOPT_PROXY'  in /var/www/html/porto/app/code/core/Mage/AdminNotification/Model/Feed.php on line 159
2017-09-23T14:46:44+00:00 ERR (3): Notice: Use of undefined constant CURLOPT_SSLCERT - assumed 'CURLOPT_SSLCERT'  in /var/www/html/porto/app/code/core/Mage/AdminNotification/Model/Feed.php on line 159
2017-09-23T14:46:44+00:00 ERR (3): Notice: Use of undefined constant CURLOPT_USERPWD - assumed 'CURLOPT_USERPWD'  in /var/www/html/porto/app/code/core/Mage/AdminNotification/Model/Feed.php on line 159
2017-09-23T14:46:44+00:00 ERR (3): Notice: Use of undefined constant CURLOPT_SSLVERSION - assumed 'CURLOPT_SSLVERSION'  in /var/www/html/porto/app/code/core/Mage/AdminNotification/Model/Feed.php on line 159
2017-09-23T14:48:32+00:00 ERR (3): Notice: Use of undefined constant CURLOPT_TIMEOUT - assumed 'CURLOPT_TIMEOUT'  in /var/www/html/porto/app/code/core/Mage/AdminNotification/Model/Feed.php on line 159
2017-09-23T14:48:32+00:00 ERR (3): Notice: Use of undefined constant CURLOPT_MAXREDIRS - assumed 'CURLOPT_MAXREDIRS'  in /var/www/html/porto/app/code/core/Mage/AdminNotification/Model/Feed.php on line 159
2017-09-23T14:48:32+00:00 ERR (3): Notice: Use of undefined constant CURLOPT_PROXY - assumed 'CURLOPT_PROXY'  in /var/www/html/porto/app/code/core/Mage/AdminNotification/Model/Feed.php on line 159
2017-09-23T14:48:32+00:00 ERR (3): Notice: Use of undefined constant CURLOPT_SSLCERT - assumed 'CURLOPT_SSLCERT'  in /var/www/html/porto/app/code/core/Mage/AdminNotification/Model/Feed.php on line 159
2017-09-23T14:48:32+00:00 ERR (3): Notice: Use of undefined constant CURLOPT_USERPWD - assumed 'CURLOPT_USERPWD'  in /var/www/html/porto/app/code/core/Mage/AdminNotification/Model/Feed.php on line 159
2017-09-23T14:48:32+00:00 ERR (3): Notice: Use of undefined constant CURLOPT_SSLVERSION - assumed 'CURLOPT_SSLVERSION'  in /var/www/html/porto/app/code/core/Mage/AdminNotification/Model/Feed.php on line 159
2017-09-23T14:48:33+00:00 ERR (3): Notice: Use of undefined constant CURLOPT_TIMEOUT - assumed 'CURLOPT_TIMEOUT'  in /var/www/html/porto/app/code/core/Mage/AdminNotification/Model/Feed.php on line 159
2017-09-23T14:48:33+00:00 ERR (3): Notice: Use of undefined constant CURLOPT_MAXREDIRS - assumed 'CURLOPT_MAXREDIRS'  in /var/www/html/porto/app/code/core/Mage/AdminNotification/Model/Feed.php on line 159
2017-09-23T14:48:33+00:00 ERR (3): Notice: Use of undefined constant CURLOPT_PROXY - assumed 'CURLOPT_PROXY'  in /var/www/html/porto/app/code/core/Mage/AdminNotification/Model/Feed.php on line 159
2017-09-23T14:48:33+00:00 ERR (3): Notice: Use of undefined constant CURLOPT_SSLCERT - assumed 'CURLOPT_SSLCERT'  in /var/www/html/porto/app/code/core/Mage/AdminNotification/Model/Feed.php on line 159
2017-09-23T14:48:33+00:00 ERR (3): Notice: Use of undefined constant CURLOPT_USERPWD - assumed 'CURLOPT_USERPWD'  in /var/www/html/porto/app/code/core/Mage/AdminNotification/Model/Feed.php on line 159
2017-09-23T14:48:33+00:00 ERR (3): Notice: Use of undefined constant CURLOPT_SSLVERSION - assumed 'CURLOPT_SSLVERSION'  in /var/www/html/porto/app/code/core/Mage/AdminNotification/Model/Feed.php on line 159
2017-09-23T14:48:34+00:00 ERR (3): Notice: Use of undefined constant CURLOPT_TIMEOUT - assumed 'CURLOPT_TIMEOUT'  in /var/www/html/porto/app/code/core/Mage/AdminNotification/Model/Feed.php on line 159
2017-09-23T14:48:34+00:00 ERR (3): Notice: Use of undefined constant CURLOPT_MAXREDIRS - assumed 'CURLOPT_MAXREDIRS'  in /var/www/html/porto/app/code/core/Mage/AdminNotification/Model/Feed.php on line 159
2017-09-23T14:48:34+00:00 ERR (3): Notice: Use of undefined constant CURLOPT_PROXY - assumed 'CURLOPT_PROXY'  in /var/www/html/porto/app/code/core/Mage/AdminNotification/Model/Feed.php on line 159
2017-09-23T14:48:34+00:00 ERR (3): Notice: Use of undefined constant CURLOPT_SSLCERT - assumed 'CURLOPT_SSLCERT'  in /var/www/html/porto/app/code/core/Mage/AdminNotification/Model/Feed.php on line 159
2017-09-23T14:48:34+00:00 ERR (3): Notice: Use of undefined constant CURLOPT_USERPWD - assumed 'CURLOPT_USERPWD'  in /var/www/html/porto/app/code/core/Mage/AdminNotification/Model/Feed.php on line 159
2017-09-23T14:48:34+00:00 ERR (3): Notice: Use of undefined constant CURLOPT_SSLVERSION - assumed 'CURLOPT_SSLVERSION'  in /var/www/html/porto/app/code/core/Mage/AdminNotification/Model/Feed.php on line 159
2017-09-23T14:48:34+00:00 ERR (3): Notice: Use of undefined constant CURLOPT_TIMEOUT - assumed 'CURLOPT_TIMEOUT'  in /var/www/html/porto/app/code/core/Mage/AdminNotification/Model/Feed.php on line 159
2017-09-23T14:48:34+00:00 ERR (3): Notice: Use of undefined constant CURLOPT_MAXREDIRS - assumed 'CURLOPT_MAXREDIRS'  in /var/www/html/porto/app/code/core/Mage/AdminNotification/Model/Feed.php on line 159
2017-09-23T14:48:34+00:00 ERR (3): Notice: Use of undefined constant CURLOPT_PROXY - assumed 'CURLOPT_PROXY'  in /var/www/html/porto/app/code/core/Mage/AdminNotification/Model/Feed.php on line 159
2017-09-23T14:48:34+00:00 ERR (3): Notice: Use of undefined constant CURLOPT_SSLCERT - assumed 'CURLOPT_SSLCERT'  in /var/www/html/porto/app/code/core/Mage/AdminNotification/Model/Feed.php on line 159
2017-09-23T14:48:34+00:00 ERR (3): Notice: Use of undefined constant CURLOPT_USERPWD - assumed 'CURLOPT_USERPWD'  in /var/www/html/porto/app/code/core/Mage/AdminNotification/Model/Feed.php on line 159
2017-09-23T14:48:34+00:00 ERR (3): Notice: Use of undefined constant CURLOPT_SSLVERSION - assumed 'CURLOPT_SSLVERSION'  in /var/www/html/porto/app/code/core/Mage/AdminNotification/Model/Feed.php on line 159
2017-09-23T14:48:34+00:00 ERR (3): Notice: Use of undefined constant CURLOPT_TIMEOUT - assumed 'CURLOPT_TIMEOUT'  in /var/www/html/porto/app/code/core/Mage/AdminNotification/Model/Feed.php on line 159
2017-09-23T14:48:34+00:00 ERR (3): Notice: Use of undefined constant CURLOPT_MAXREDIRS - assumed 'CURLOPT_MAXREDIRS'  in /var/www/html/porto/app/code/core/Mage/AdminNotification/Model/Feed.php on line 159
2017-09-23T14:48:34+00:00 ERR (3): Notice: Use of undefined constant CURLOPT_PROXY - assumed 'CURLOPT_PROXY'  in /var/www/html/porto/app/code/core/Mage/AdminNotification/Model/Feed.php on line 159
2017-09-23T14:48:34+00:00 ERR (3): Notice: Use of undefined constant CURLOPT_SSLCERT - assumed 'CURLOPT_SSLCERT'  in /var/www/html/porto/app/code/core/Mage/AdminNotification/Model/Feed.php on line 159
2017-09-23T14:48:34+00:00 ERR (3): Notice: Use of undefined constant CURLOPT_USERPWD - assumed 'CURLOPT_USERPWD'  in /var/www/html/porto/app/code/core/Mage/AdminNotification/Model/Feed.php on line 159
2017-09-23T14:48:34+00:00 ERR (3): Notice: Use of undefined constant CURLOPT_SSLVERSION - assumed 'CURLOPT_SSLVERSION'  in /var/www/html/porto/app/code/core/Mage/AdminNotification/Model/Feed.php on line 159
2017-09-23T14:49:38+00:00 ERR (3): Notice: Use of undefined constant CURLOPT_TIMEOUT - assumed 'CURLOPT_TIMEOUT'  in /var/www/html/porto/app/code/core/Mage/AdminNotification/Model/Feed.php on line 159
2017-09-23T14:49:38+00:00 ERR (3): Notice: Use of undefined constant CURLOPT_MAXREDIRS - assumed 'CURLOPT_MAXREDIRS'  in /var/www/html/porto/app/code/core/Mage/AdminNotification/Model/Feed.php on line 159
2017-09-23T14:49:38+00:00 ERR (3): Notice: Use of undefined constant CURLOPT_PROXY - assumed 'CURLOPT_PROXY'  in /var/www/html/porto/app/code/core/Mage/AdminNotification/Model/Feed.php on line 159
2017-09-23T14:49:38+00:00 ERR (3): Notice: Use of undefined constant CURLOPT_SSLCERT - assumed 'CURLOPT_SSLCERT'  in /var/www/html/porto/app/code/core/Mage/AdminNotification/Model/Feed.php on line 159
2017-09-23T14:49:38+00:00 ERR (3): Notice: Use of undefined constant CURLOPT_USERPWD - assumed 'CURLOPT_USERPWD'  in /var/www/html/porto/app/code/core/Mage/AdminNotification/Model/Feed.php on line 159
2017-09-23T14:49:38+00:00 ERR (3): Notice: Use of undefined constant CURLOPT_SSLVERSION - assumed 'CURLOPT_SSLVERSION'  in /var/www/html/porto/app/code/core/Mage/AdminNotification/Model/Feed.php on line 159
2017-09-23T14:49:39+00:00 ERR (3): Notice: Use of undefined constant CURLOPT_TIMEOUT - assumed 'CURLOPT_TIMEOUT'  in /var/www/html/porto/app/code/core/Mage/AdminNotification/Model/Feed.php on line 159
2017-09-23T14:49:39+00:00 ERR (3): Notice: Use of undefined constant CURLOPT_MAXREDIRS - assumed 'CURLOPT_MAXREDIRS'  in /var/www/html/porto/app/code/core/Mage/AdminNotification/Model/Feed.php on line 159
2017-09-23T14:49:39+00:00 ERR (3): Notice: Use of undefined constant CURLOPT_PROXY - assumed 'CURLOPT_PROXY'  in /var/www/html/porto/app/code/core/Mage/AdminNotification/Model/Feed.php on line 159
2017-09-23T14:49:39+00:00 ERR (3): Notice: Use of undefined constant CURLOPT_SSLCERT - assumed 'CURLOPT_SSLCERT'  in /var/www/html/porto/app/code/core/Mage/AdminNotification/Model/Feed.php on line 159
2017-09-23T14:49:39+00:00 ERR (3): Notice: Use of undefined constant CURLOPT_USERPWD - assumed 'CURLOPT_USERPWD'  in /var/www/html/porto/app/code/core/Mage/AdminNotification/Model/Feed.php on line 159
2017-09-23T14:49:39+00:00 ERR (3): Notice: Use of undefined constant CURLOPT_SSLVERSION - assumed 'CURLOPT_SSLVERSION'  in /var/www/html/porto/app/code/core/Mage/AdminNotification/Model/Feed.php on line 159
2017-09-23T14:49:39+00:00 ERR (3): Notice: Use of undefined constant CURLOPT_TIMEOUT - assumed 'CURLOPT_TIMEOUT'  in /var/www/html/porto/app/code/core/Mage/AdminNotification/Model/Feed.php on line 159
2017-09-23T14:49:39+00:00 ERR (3): Notice: Use of undefined constant CURLOPT_MAXREDIRS - assumed 'CURLOPT_MAXREDIRS'  in /var/www/html/porto/app/code/core/Mage/AdminNotification/Model/Feed.php on line 159
2017-09-23T14:49:39+00:00 ERR (3): Notice: Use of undefined constant CURLOPT_PROXY - assumed 'CURLOPT_PROXY'  in /var/www/html/porto/app/code/core/Mage/AdminNotification/Model/Feed.php on line 159
2017-09-23T14:49:39+00:00 ERR (3): Notice: Use of undefined constant CURLOPT_SSLCERT - assumed 'CURLOPT_SSLCERT'  in /var/www/html/porto/app/code/core/Mage/AdminNotification/Model/Feed.php on line 159
2017-09-23T14:49:39+00:00 ERR (3): Notice: Use of undefined constant CURLOPT_USERPWD - assumed 'CURLOPT_USERPWD'  in /var/www/html/porto/app/code/core/Mage/AdminNotification/Model/Feed.php on line 159
2017-09-23T14:49:39+00:00 ERR (3): Notice: Use of undefined constant CURLOPT_SSLVERSION - assumed 'CURLOPT_SSLVERSION'  in /var/www/html/porto/app/code/core/Mage/AdminNotification/Model/Feed.php on line 159
2017-09-23T14:49:40+00:00 ERR (3): Notice: Use of undefined constant CURLOPT_TIMEOUT - assumed 'CURLOPT_TIMEOUT'  in /var/www/html/porto/app/code/core/Mage/AdminNotification/Model/Feed.php on line 159
2017-09-23T14:49:40+00:00 ERR (3): Notice: Use of undefined constant CURLOPT_MAXREDIRS - assumed 'CURLOPT_MAXREDIRS'  in /var/www/html/porto/app/code/core/Mage/AdminNotification/Model/Feed.php on line 159
2017-09-23T14:49:40+00:00 ERR (3): Notice: Use of undefined constant CURLOPT_PROXY - assumed 'CURLOPT_PROXY'  in /var/www/html/porto/app/code/core/Mage/AdminNotification/Model/Feed.php on line 159
2017-09-23T14:49:40+00:00 ERR (3): Notice: Use of undefined constant CURLOPT_SSLCERT - assumed 'CURLOPT_SSLCERT'  in /var/www/html/porto/app/code/core/Mage/AdminNotification/Model/Feed.php on line 159
2017-09-23T14:49:40+00:00 ERR (3): Notice: Use of undefined constant CURLOPT_USERPWD - assumed 'CURLOPT_USERPWD'  in /var/www/html/porto/app/code/core/Mage/AdminNotification/Model/Feed.php on line 159
2017-09-23T14:49:40+00:00 ERR (3): Notice: Use of undefined constant CURLOPT_SSLVERSION - assumed 'CURLOPT_SSLVERSION'  in /var/www/html/porto/app/code/core/Mage/AdminNotification/Model/Feed.php on line 159
2017-09-23T14:49:41+00:00 ERR (3): Notice: Use of undefined constant CURLOPT_TIMEOUT - assumed 'CURLOPT_TIMEOUT'  in /var/www/html/porto/app/code/core/Mage/AdminNotification/Model/Feed.php on line 159
2017-09-23T14:49:41+00:00 ERR (3): Notice: Use of undefined constant CURLOPT_MAXREDIRS - assumed 'CURLOPT_MAXREDIRS'  in /var/www/html/porto/app/code/core/Mage/AdminNotification/Model/Feed.php on line 159
2017-09-23T14:49:41+00:00 ERR (3): Notice: Use of undefined constant CURLOPT_PROXY - assumed 'CURLOPT_PROXY'  in /var/www/html/porto/app/code/core/Mage/AdminNotification/Model/Feed.php on line 159
2017-09-23T14:49:41+00:00 ERR (3): Notice: Use of undefined constant CURLOPT_SSLCERT - assumed 'CURLOPT_SSLCERT'  in /var/www/html/porto/app/code/core/Mage/AdminNotification/Model/Feed.php on line 159
2017-09-23T14:49:41+00:00 ERR (3): Notice: Use of undefined constant CURLOPT_USERPWD - assumed 'CURLOPT_USERPWD'  in /var/www/html/porto/app/code/core/Mage/AdminNotification/Model/Feed.php on line 159
2017-09-23T14:49:41+00:00 ERR (3): Notice: Use of undefined constant CURLOPT_SSLVERSION - assumed 'CURLOPT_SSLVERSION'  in /var/www/html/porto/app/code/core/Mage/AdminNotification/Model/Feed.php on line 159
2017-09-23T14:49:41+00:00 ERR (3): Notice: Use of undefined constant CURLOPT_TIMEOUT - assumed 'CURLOPT_TIMEOUT'  in /var/www/html/porto/app/code/core/Mage/AdminNotification/Model/Feed.php on line 159
2017-09-23T14:49:41+00:00 ERR (3): Notice: Use of undefined constant CURLOPT_MAXREDIRS - assumed 'CURLOPT_MAXREDIRS'  in /var/www/html/porto/app/code/core/Mage/AdminNotification/Model/Feed.php on line 159
2017-09-23T14:49:41+00:00 ERR (3): Notice: Use of undefined constant CURLOPT_PROXY - assumed 'CURLOPT_PROXY'  in /var/www/html/porto/app/code/core/Mage/AdminNotification/Model/Feed.php on line 159
2017-09-23T14:49:41+00:00 ERR (3): Notice: Use of undefined constant CURLOPT_SSLCERT - assumed 'CURLOPT_SSLCERT'  in /var/www/html/porto/app/code/core/Mage/AdminNotification/Model/Feed.php on line 159
2017-09-23T14:49:41+00:00 ERR (3): Notice: Use of undefined constant CURLOPT_USERPWD - assumed 'CURLOPT_USERPWD'  in /var/www/html/porto/app/code/core/Mage/AdminNotification/Model/Feed.php on line 159
2017-09-23T14:49:41+00:00 ERR (3): Notice: Use of undefined constant CURLOPT_SSLVERSION - assumed 'CURLOPT_SSLVERSION'  in /var/www/html/porto/app/code/core/Mage/AdminNotification/Model/Feed.php on line 159
2017-09-23T14:49:41+00:00 ERR (3): Notice: Use of undefined constant CURLOPT_TIMEOUT - assumed 'CURLOPT_TIMEOUT'  in /var/www/html/porto/app/code/core/Mage/AdminNotification/Model/Feed.php on line 159
2017-09-23T14:49:41+00:00 ERR (3): Notice: Use of undefined constant CURLOPT_MAXREDIRS - assumed 'CURLOPT_MAXREDIRS'  in /var/www/html/porto/app/code/core/Mage/AdminNotification/Model/Feed.php on line 159
2017-09-23T14:49:41+00:00 ERR (3): Notice: Use of undefined constant CURLOPT_PROXY - assumed 'CURLOPT_PROXY'  in /var/www/html/porto/app/code/core/Mage/AdminNotification/Model/Feed.php on line 159
2017-09-23T14:49:41+00:00 ERR (3): Notice: Use of undefined constant CURLOPT_SSLCERT - assumed 'CURLOPT_SSLCERT'  in /var/www/html/porto/app/code/core/Mage/AdminNotification/Model/Feed.php on line 159
2017-09-23T14:49:41+00:00 ERR (3): Notice: Use of undefined constant CURLOPT_USERPWD - assumed 'CURLOPT_USERPWD'  in /var/www/html/porto/app/code/core/Mage/AdminNotification/Model/Feed.php on line 159
2017-09-23T14:49:41+00:00 ERR (3): Notice: Use of undefined constant CURLOPT_SSLVERSION - assumed 'CURLOPT_SSLVERSION'  in /var/www/html/porto/app/code/core/Mage/AdminNotification/Model/Feed.php on line 159
2017-09-23T14:49:43+00:00 ERR (3): Notice: Use of undefined constant CURLOPT_TIMEOUT - assumed 'CURLOPT_TIMEOUT'  in /var/www/html/porto/app/code/core/Mage/AdminNotification/Model/Feed.php on line 159
2017-09-23T14:49:43+00:00 ERR (3): Notice: Use of undefined constant CURLOPT_MAXREDIRS - assumed 'CURLOPT_MAXREDIRS'  in /var/www/html/porto/app/code/core/Mage/AdminNotification/Model/Feed.php on line 159
2017-09-23T14:49:43+00:00 ERR (3): Notice: Use of undefined constant CURLOPT_PROXY - assumed 'CURLOPT_PROXY'  in /var/www/html/porto/app/code/core/Mage/AdminNotification/Model/Feed.php on line 159
2017-09-23T14:49:43+00:00 ERR (3): Notice: Use of undefined constant CURLOPT_SSLCERT - assumed 'CURLOPT_SSLCERT'  in /var/www/html/porto/app/code/core/Mage/AdminNotification/Model/Feed.php on line 159
2017-09-23T14:49:43+00:00 ERR (3): Notice: Use of undefined constant CURLOPT_USERPWD - assumed 'CURLOPT_USERPWD'  in /var/www/html/porto/app/code/core/Mage/AdminNotification/Model/Feed.php on line 159
2017-09-23T14:49:43+00:00 ERR (3): Notice: Use of undefined constant CURLOPT_SSLVERSION - assumed 'CURLOPT_SSLVERSION'  in /var/www/html/porto/app/code/core/Mage/AdminNotification/Model/Feed.php on line 159
2017-09-23T14:49:45+00:00 ERR (3): Warning: imagejpeg(/var/www/html/porto/media/catalog/product/cache/1/small_image/300x/17f82f742ffe127f42dca9de82fb58b1/images/catalog/product/placeholder/small_image.jpg): failed to open stream: No such file or directory  in /var/www/html/porto/lib/Varien/Image/Adapter/Gd2.php on line 210
2017-09-23T14:49:45+00:00 ERR (3): Warning: imagejpeg(/var/www/html/porto/media/catalog/product/cache/1/thumbnail/300x/17f82f742ffe127f42dca9de82fb58b1/images/catalog/product/placeholder/thumbnail.jpg): failed to open stream: No such file or directory  in /var/www/html/porto/lib/Varien/Image/Adapter/Gd2.php on line 210
2017-09-23T14:49:45+00:00 ERR (3): Warning: imagejpeg(/var/www/html/porto/media/catalog/product/cache/1/small_image/300x/17f82f742ffe127f42dca9de82fb58b1/images/catalog/product/placeholder/small_image.jpg): failed to open stream: No such file or directory  in /var/www/html/porto/lib/Varien/Image/Adapter/Gd2.php on line 210
2017-09-23T14:49:45+00:00 ERR (3): Warning: imagejpeg(/var/www/html/porto/media/catalog/product/cache/1/thumbnail/300x/17f82f742ffe127f42dca9de82fb58b1/images/catalog/product/placeholder/thumbnail.jpg): failed to open stream: No such file or directory  in /var/www/html/porto/lib/Varien/Image/Adapter/Gd2.php on line 210
2017-09-23T14:49:45+00:00 ERR (3): Warning: imagejpeg(/var/www/html/porto/media/catalog/product/cache/1/small_image/300x/17f82f742ffe127f42dca9de82fb58b1/images/catalog/product/placeholder/small_image.jpg): failed to open stream: No such file or directory  in /var/www/html/porto/lib/Varien/Image/Adapter/Gd2.php on line 210
2017-09-23T14:49:45+00:00 ERR (3): Warning: imagejpeg(/var/www/html/porto/media/catalog/product/cache/1/thumbnail/300x/17f82f742ffe127f42dca9de82fb58b1/images/catalog/product/placeholder/thumbnail.jpg): failed to open stream: No such file or directory  in /var/www/html/porto/lib/Varien/Image/Adapter/Gd2.php on line 210
2017-09-23T14:49:45+00:00 ERR (3): Warning: imagejpeg(/var/www/html/porto/media/catalog/product/cache/1/small_image/300x/17f82f742ffe127f42dca9de82fb58b1/images/catalog/product/placeholder/small_image.jpg): failed to open stream: No such file or directory  in /var/www/html/porto/lib/Varien/Image/Adapter/Gd2.php on line 210
2017-09-23T14:49:45+00:00 ERR (3): Warning: imagejpeg(/var/www/html/porto/media/catalog/product/cache/1/thumbnail/300x/17f82f742ffe127f42dca9de82fb58b1/images/catalog/product/placeholder/thumbnail.jpg): failed to open stream: No such file or directory  in /var/www/html/porto/lib/Varien/Image/Adapter/Gd2.php on line 210
2017-09-23T14:49:45+00:00 ERR (3): Warning: imagejpeg(/var/www/html/porto/media/catalog/product/cache/1/small_image/300x/17f82f742ffe127f42dca9de82fb58b1/images/catalog/product/placeholder/small_image.jpg): failed to open stream: No such file or directory  in /var/www/html/porto/lib/Varien/Image/Adapter/Gd2.php on line 210
2017-09-23T14:49:45+00:00 ERR (3): Warning: imagejpeg(/var/www/html/porto/media/catalog/product/cache/1/thumbnail/300x/17f82f742ffe127f42dca9de82fb58b1/images/catalog/product/placeholder/thumbnail.jpg): failed to open stream: No such file or directory  in /var/www/html/porto/lib/Varien/Image/Adapter/Gd2.php on line 210
2017-09-23T14:49:45+00:00 ERR (3): Warning: imagejpeg(/var/www/html/porto/media/catalog/product/cache/1/small_image/300x/17f82f742ffe127f42dca9de82fb58b1/images/catalog/product/placeholder/small_image.jpg): failed to open stream: No such file or directory  in /var/www/html/porto/lib/Varien/Image/Adapter/Gd2.php on line 210
2017-09-23T14:49:45+00:00 ERR (3): Warning: imagejpeg(/var/www/html/porto/media/catalog/product/cache/1/thumbnail/300x/17f82f742ffe127f42dca9de82fb58b1/images/catalog/product/placeholder/thumbnail.jpg): failed to open stream: No such file or directory  in /var/www/html/porto/lib/Varien/Image/Adapter/Gd2.php on line 210
2017-09-23T14:49:45+00:00 ERR (3): Warning: imagejpeg(/var/www/html/porto/media/catalog/product/cache/1/small_image/300x/17f82f742ffe127f42dca9de82fb58b1/images/catalog/product/placeholder/small_image.jpg): failed to open stream: No such file or directory  in /var/www/html/porto/lib/Varien/Image/Adapter/Gd2.php on line 210
2017-09-23T14:49:45+00:00 ERR (3): Warning: imagejpeg(/var/www/html/porto/media/catalog/product/cache/1/thumbnail/300x/17f82f742ffe127f42dca9de82fb58b1/images/catalog/product/placeholder/thumbnail.jpg): failed to open stream: No such file or directory  in /var/www/html/porto/lib/Varien/Image/Adapter/Gd2.php on line 210
2017-09-23T14:49:45+00:00 ERR (3): Warning: imagejpeg(/var/www/html/porto/media/catalog/product/cache/1/small_image/300x/17f82f742ffe127f42dca9de82fb58b1/images/catalog/product/placeholder/small_image.jpg): failed to open stream: No such file or directory  in /var/www/html/porto/lib/Varien/Image/Adapter/Gd2.php on line 210
2017-09-23T14:49:45+00:00 ERR (3): Warning: imagejpeg(/var/www/html/porto/media/catalog/product/cache/1/thumbnail/300x/17f82f742ffe127f42dca9de82fb58b1/images/catalog/product/placeholder/thumbnail.jpg): failed to open stream: No such file or directory  in /var/www/html/porto/lib/Varien/Image/Adapter/Gd2.php on line 210
2017-09-23T14:49:45+00:00 ERR (3): Warning: imagejpeg(/var/www/html/porto/media/catalog/product/cache/1/small_image/300x/17f82f742ffe127f42dca9de82fb58b1/images/catalog/product/placeholder/small_image.jpg): failed to open stream: No such file or directory  in /var/www/html/porto/lib/Varien/Image/Adapter/Gd2.php on line 210
2017-09-23T14:49:45+00:00 ERR (3): Warning: imagejpeg(/var/www/html/porto/media/catalog/product/cache/1/thumbnail/300x/17f82f742ffe127f42dca9de82fb58b1/images/catalog/product/placeholder/thumbnail.jpg): failed to open stream: No such file or directory  in /var/www/html/porto/lib/Varien/Image/Adapter/Gd2.php on line 210
2017-09-23T14:49:45+00:00 ERR (3): Warning: imagejpeg(/var/www/html/porto/media/catalog/product/cache/1/small_image/300x/17f82f742ffe127f42dca9de82fb58b1/images/catalog/product/placeholder/small_image.jpg): failed to open stream: No such file or directory  in /var/www/html/porto/lib/Varien/Image/Adapter/Gd2.php on line 210
2017-09-23T14:49:45+00:00 ERR (3): Warning: imagejpeg(/var/www/html/porto/media/catalog/product/cache/1/thumbnail/300x/17f82f742ffe127f42dca9de82fb58b1/images/catalog/product/placeholder/thumbnail.jpg): failed to open stream: No such file or directory  in /var/www/html/porto/lib/Varien/Image/Adapter/Gd2.php on line 210
2017-09-23T14:49:45+00:00 ERR (3): Warning: imagejpeg(/var/www/html/porto/media/catalog/product/cache/1/small_image/300x/17f82f742ffe127f42dca9de82fb58b1/images/catalog/product/placeholder/small_image.jpg): failed to open stream: No such file or directory  in /var/www/html/porto/lib/Varien/Image/Adapter/Gd2.php on line 210
2017-09-23T14:49:45+00:00 ERR (3): Warning: imagejpeg(/var/www/html/porto/media/catalog/product/cache/1/thumbnail/300x/17f82f742ffe127f42dca9de82fb58b1/images/catalog/product/placeholder/thumbnail.jpg): failed to open stream: No such file or directory  in /var/www/html/porto/lib/Varien/Image/Adapter/Gd2.php on line 210
2017-09-23T14:49:45+00:00 ERR (3): Warning: imagejpeg(/var/www/html/porto/media/catalog/product/cache/1/small_image/300x/17f82f742ffe127f42dca9de82fb58b1/images/catalog/product/placeholder/small_image.jpg): failed to open stream: No such file or directory  in /var/www/html/porto/lib/Varien/Image/Adapter/Gd2.php on line 210
2017-09-23T14:49:45+00:00 ERR (3): Warning: imagejpeg(/var/www/html/porto/media/catalog/product/cache/1/thumbnail/300x/17f82f742ffe127f42dca9de82fb58b1/images/catalog/product/placeholder/thumbnail.jpg): failed to open stream: No such file or directory  in /var/www/html/porto/lib/Varien/Image/Adapter/Gd2.php on line 210
2017-09-23T14:49:45+00:00 ERR (3): Warning: imagejpeg(/var/www/html/porto/media/catalog/product/cache/1/small_image/300x/17f82f742ffe127f42dca9de82fb58b1/images/catalog/product/placeholder/small_image.jpg): failed to open stream: No such file or directory  in /var/www/html/porto/lib/Varien/Image/Adapter/Gd2.php on line 210
2017-09-23T14:49:45+00:00 ERR (3): Warning: imagejpeg(/var/www/html/porto/media/catalog/product/cache/1/thumbnail/300x/17f82f742ffe127f42dca9de82fb58b1/images/catalog/product/placeholder/thumbnail.jpg): failed to open stream: No such file or directory  in /var/www/html/porto/lib/Varien/Image/Adapter/Gd2.php on line 210
2017-09-23T14:49:45+00:00 ERR (3): Warning: imagejpeg(/var/www/html/porto/media/catalog/product/cache/1/small_image/300x/17f82f742ffe127f42dca9de82fb58b1/images/catalog/product/placeholder/small_image.jpg): failed to open stream: No such file or directory  in /var/www/html/porto/lib/Varien/Image/Adapter/Gd2.php on line 210
2017-09-23T14:49:45+00:00 ERR (3): Warning: imagejpeg(/var/www/html/porto/media/catalog/product/cache/1/thumbnail/300x/17f82f742ffe127f42dca9de82fb58b1/images/catalog/product/placeholder/thumbnail.jpg): failed to open stream: No such file or directory  in /var/www/html/porto/lib/Varien/Image/Adapter/Gd2.php on line 210
2017-09-23T14:49:45+00:00 ERR (3): Warning: imagejpeg(/var/www/html/porto/media/catalog/product/cache/1/small_image/300x/17f82f742ffe127f42dca9de82fb58b1/images/catalog/product/placeholder/small_image.jpg): failed to open stream: No such file or directory  in /var/www/html/porto/lib/Varien/Image/Adapter/Gd2.php on line 210
2017-09-23T14:49:45+00:00 ERR (3): Warning: imagejpeg(/var/www/html/porto/media/catalog/product/cache/1/thumbnail/300x/17f82f742ffe127f42dca9de82fb58b1/images/catalog/product/placeholder/thumbnail.jpg): failed to open stream: No such file or directory  in /var/www/html/porto/lib/Varien/Image/Adapter/Gd2.php on line 210
2017-09-23T14:49:45+00:00 ERR (3): Warning: imagejpeg(/var/www/html/porto/media/catalog/product/cache/1/small_image/300x/17f82f742ffe127f42dca9de82fb58b1/images/catalog/product/placeholder/small_image.jpg): failed to open stream: No such file or directory  in /var/www/html/porto/lib/Varien/Image/Adapter/Gd2.php on line 210
2017-09-23T14:49:45+00:00 ERR (3): Warning: imagejpeg(/var/www/html/porto/media/catalog/product/cache/1/thumbnail/300x/17f82f742ffe127f42dca9de82fb58b1/images/catalog/product/placeholder/thumbnail.jpg): failed to open stream: No such file or directory  in /var/www/html/porto/lib/Varien/Image/Adapter/Gd2.php on line 210
